"G:/Dokumenty/GitHub/KrakJam/Content/Assets/Widgets/Textures/Button/Level_1.uasset" 0
"G:/Dokumenty/GitHub/KrakJam/Content/Assets/Widgets/Textures/Button/Level_2.uasset" 1
"G:/Dokumenty/GitHub/KrakJam/Content/Assets/Widgets/Textures/Button/Level_3.uasset" 2
"G:/Dokumenty/GitHub/KrakJam/Content/Assets/Widgets/Textures/title.uasset" 3
"G:/Dokumenty/GitHub/KrakJam/Content/Assets/Widgets/Textures/MainMenu_bckg.uasset" 4
"G:/Dokumenty/GitHub/KrakJam/Content/Assets/Widgets/NPCs/slimor2.uasset" 5
"G:/Dokumenty/GitHub/KrakJam/Content/Blueprints/Widgets/Intro.uasset" 6
"G:/Dokumenty/GitHub/KrakJam/Content/Blueprints/MyGameInstance.uasset" 7
"G:/Dokumenty/GitHub/KrakJam/Content/Assets/Widgets/NPCs/slimor.uasset" 8
"G:/Dokumenty/GitHub/KrakJam/Content/Blueprints/Widgets/PlayerHUD.uasset" 9
"G:/Dokumenty/GitHub/KrakJam/Content/Assets/Widgets/Textures/Buttons_V2/BUTTON_MENU.uasset" 10
"G:/Dokumenty/GitHub/KrakJam/Content/Assets/Widgets/Textures/Buttons_V2/button_continue2.uasset" 11
"G:/Dokumenty/GitHub/KrakJam/Content/Assets/Widgets/Textures/PAUSE.uasset" 12
"G:/Dokumenty/GitHub/KrakJam/Content/Blueprints/Widgets/Pause.uasset" 13
"G:/Dokumenty/GitHub/KrakJam/Content/Player/Sprites/Runn/Armature_Run_26.uasset" 14
"../../Plugins/2D/Paper2D/Content/PlaceholderTextures/DummySpriteTexture.uasset" 15
"../../Plugins/2D/Paper2D/Content/DefaultSpriteMaterial.uasset" 16
"../../Plugins/2D/Paper2D/Content/TranslucentUnlitSpriteMaterial.uasset" 17
"G:/Dokumenty/GitHub/KrakJam/Content/Player/Sprites/Runn/Armature_Run_26_Sprite.uasset" 18
"G:/Dokumenty/GitHub/KrakJam/Content/Player/Sprites/Runn/Armature_Run_25.uasset" 19
"G:/Dokumenty/GitHub/KrakJam/Content/Player/Sprites/Runn/Armature_Run_25_Sprite.uasset" 20
"G:/Dokumenty/GitHub/KrakJam/Content/Player/Sprites/Runn/Armature_Run_24.uasset" 21
"G:/Dokumenty/GitHub/KrakJam/Content/Player/Sprites/Runn/Armature_Run_24_Sprite.uasset" 22
"G:/Dokumenty/GitHub/KrakJam/Content/Player/Sprites/Runn/Armature_Run_23.uasset" 23
"G:/Dokumenty/GitHub/KrakJam/Content/Player/Sprites/Runn/Armature_Run_23_Sprite.uasset" 24
"G:/Dokumenty/GitHub/KrakJam/Content/Player/Sprites/Runn/Armature_Run_21.uasset" 25
"G:/Dokumenty/GitHub/KrakJam/Content/Player/Sprites/Runn/Armature_Run_21_Sprite.uasset" 26
"G:/Dokumenty/GitHub/KrakJam/Content/Player/Sprites/Runn/Armature_Run_20.uasset" 27
"G:/Dokumenty/GitHub/KrakJam/Content/Player/Sprites/Runn/Armature_Run_20_Sprite.uasset" 28
"G:/Dokumenty/GitHub/KrakJam/Content/Player/Sprites/Runn/Armature_Run_19.uasset" 29
"G:/Dokumenty/GitHub/KrakJam/Content/Player/Sprites/Runn/Armature_Run_19_Sprite.uasset" 30
"G:/Dokumenty/GitHub/KrakJam/Content/Player/Sprites/Runn/Armature_Run_18.uasset" 31
"G:/Dokumenty/GitHub/KrakJam/Content/Player/Sprites/Runn/Armature_Run_18_Sprite.uasset" 32
"G:/Dokumenty/GitHub/KrakJam/Content/Player/Sprites/Runn/Armature_Run_17.uasset" 33
"G:/Dokumenty/GitHub/KrakJam/Content/Player/Sprites/Runn/Armature_Run_17_Sprite.uasset" 34
"G:/Dokumenty/GitHub/KrakJam/Content/Player/Sprites/Runn/Armature_Run_16.uasset" 35
"G:/Dokumenty/GitHub/KrakJam/Content/Player/Sprites/Runn/Armature_Run_16_Sprite.uasset" 36
"G:/Dokumenty/GitHub/KrakJam/Content/Player/Sprites/Runn/Armature_Run_15.uasset" 37
"G:/Dokumenty/GitHub/KrakJam/Content/Player/Sprites/Runn/Armature_Run_15_Sprite.uasset" 38
"G:/Dokumenty/GitHub/KrakJam/Content/Player/Sprites/Runn/Armature_Run_14.uasset" 39
"G:/Dokumenty/GitHub/KrakJam/Content/Player/Sprites/Runn/Armature_Run_14_Sprite.uasset" 40
"G:/Dokumenty/GitHub/KrakJam/Content/Player/Sprites/Runn/Armature_Run_13.uasset" 41
"G:/Dokumenty/GitHub/KrakJam/Content/Player/Sprites/Runn/Armature_Run_13_Sprite.uasset" 42
"G:/Dokumenty/GitHub/KrakJam/Content/Player/Sprites/Runn/Armature_Run_12.uasset" 43
"G:/Dokumenty/GitHub/KrakJam/Content/Player/Sprites/Runn/Armature_Run_12_Sprite.uasset" 44
"G:/Dokumenty/GitHub/KrakJam/Content/Player/Sprites/Runn/Armature_Run_11.uasset" 45
"G:/Dokumenty/GitHub/KrakJam/Content/Player/Sprites/Runn/Armature_Run_11_Sprite.uasset" 46
"G:/Dokumenty/GitHub/KrakJam/Content/Player/Sprites/Runn/Armature_Run_10.uasset" 47
"G:/Dokumenty/GitHub/KrakJam/Content/Player/Sprites/Runn/Armature_Run_10_Sprite.uasset" 48
"G:/Dokumenty/GitHub/KrakJam/Content/Player/Sprites/Runn/Armature_Run_09.uasset" 49
"G:/Dokumenty/GitHub/KrakJam/Content/Player/Sprites/Runn/Armature_Run_09_Sprite.uasset" 50
"G:/Dokumenty/GitHub/KrakJam/Content/Player/Sprites/Runn/Armature_Run_08.uasset" 51
"G:/Dokumenty/GitHub/KrakJam/Content/Player/Sprites/Runn/Armature_Run_08_Sprite.uasset" 52
"G:/Dokumenty/GitHub/KrakJam/Content/Player/Sprites/Runn/Armature_Run_07.uasset" 53
"G:/Dokumenty/GitHub/KrakJam/Content/Player/Sprites/Runn/Armature_Run_07_Sprite.uasset" 54
"G:/Dokumenty/GitHub/KrakJam/Content/Player/Sprites/Runn/Armature_Run_06.uasset" 55
"G:/Dokumenty/GitHub/KrakJam/Content/Player/Sprites/Runn/Armature_Run_06_Sprite.uasset" 56
"G:/Dokumenty/GitHub/KrakJam/Content/Player/Sprites/Runn/Armature_Run_05.uasset" 57
"G:/Dokumenty/GitHub/KrakJam/Content/Player/Sprites/Runn/Armature_Run_05_Sprite.uasset" 58
"G:/Dokumenty/GitHub/KrakJam/Content/Player/Sprites/Runn/Armature_Run_04.uasset" 59
"G:/Dokumenty/GitHub/KrakJam/Content/Player/Sprites/Runn/Armature_Run_04_Sprite.uasset" 60
"G:/Dokumenty/GitHub/KrakJam/Content/Player/Sprites/Runn/Armature_Run_22.uasset" 61
"G:/Dokumenty/GitHub/KrakJam/Content/Player/Sprites/Runn/Armature_Run_22_Sprite.uasset" 62
"G:/Dokumenty/GitHub/KrakJam/Content/Player/Sprites/Runn/Armature_Run_03.uasset" 63
"G:/Dokumenty/GitHub/KrakJam/Content/Player/Sprites/Runn/Armature_Run_03_Sprite.uasset" 64
"G:/Dokumenty/GitHub/KrakJam/Content/Player/Sprites/Runn/Armature_Run_02.uasset" 65
"G:/Dokumenty/GitHub/KrakJam/Content/Player/Sprites/Runn/Armature_Run_02_Sprite.uasset" 66
"G:/Dokumenty/GitHub/KrakJam/Content/Player/Sprites/Runn/Armature_Run_01.uasset" 67
"G:/Dokumenty/GitHub/KrakJam/Content/Player/Sprites/Runn/Armature_Run_01_Sprite.uasset" 68
"G:/Dokumenty/GitHub/KrakJam/Content/Player/Sprites/Runn/Armature_Run_00.uasset" 69
"G:/Dokumenty/GitHub/KrakJam/Content/Player/Sprites/Runn/Armature_Run_00_Sprite.uasset" 70
"G:/Dokumenty/GitHub/KrakJam/Content/Player/Flipbooks/Run.uasset" 71
"G:/Dokumenty/GitHub/KrakJam/Content/Player/Sprites/Jump/Armature_Jump_24.uasset" 72
"G:/Dokumenty/GitHub/KrakJam/Content/Player/Sprites/Jump/Armature_Jump_24_Sprite.uasset" 73
"G:/Dokumenty/GitHub/KrakJam/Content/Player/Sprites/Jump/Armature_Jump_23.uasset" 74
"G:/Dokumenty/GitHub/KrakJam/Content/Player/Sprites/Jump/Armature_Jump_23_Sprite.uasset" 75
"G:/Dokumenty/GitHub/KrakJam/Content/Player/Sprites/Jump/Armature_Jump_21.uasset" 76
"G:/Dokumenty/GitHub/KrakJam/Content/Player/Sprites/Jump/Armature_Jump_21_Sprite.uasset" 77
"G:/Dokumenty/GitHub/KrakJam/Content/Player/Sprites/Jump/Armature_Jump_20.uasset" 78
"G:/Dokumenty/GitHub/KrakJam/Content/Player/Sprites/Jump/Armature_Jump_20_Sprite.uasset" 79
"G:/Dokumenty/GitHub/KrakJam/Content/Player/Sprites/Jump/Armature_Jump_19.uasset" 80
"G:/Dokumenty/GitHub/KrakJam/Content/Player/Sprites/Jump/Armature_Jump_19_Sprite.uasset" 81
"G:/Dokumenty/GitHub/KrakJam/Content/Player/Sprites/Jump/Armature_Jump_18.uasset" 82
"G:/Dokumenty/GitHub/KrakJam/Content/Player/Sprites/Jump/Armature_Jump_18_Sprite.uasset" 83
"G:/Dokumenty/GitHub/KrakJam/Content/Player/Sprites/Jump/Armature_Jump_17.uasset" 84
"G:/Dokumenty/GitHub/KrakJam/Content/Player/Sprites/Jump/Armature_Jump_17_Sprite.uasset" 85
"G:/Dokumenty/GitHub/KrakJam/Content/Player/Sprites/Jump/Armature_Jump_16.uasset" 86
"G:/Dokumenty/GitHub/KrakJam/Content/Player/Sprites/Jump/Armature_Jump_16_Sprite.uasset" 87
"G:/Dokumenty/GitHub/KrakJam/Content/Player/Sprites/Jump/Armature_Jump_15.uasset" 88
"G:/Dokumenty/GitHub/KrakJam/Content/Player/Sprites/Jump/Armature_Jump_15_Sprite.uasset" 89
"G:/Dokumenty/GitHub/KrakJam/Content/Player/Sprites/Jump/Armature_Jump_14.uasset" 90
"G:/Dokumenty/GitHub/KrakJam/Content/Player/Sprites/Jump/Armature_Jump_14_Sprite.uasset" 91
"G:/Dokumenty/GitHub/KrakJam/Content/Player/Sprites/Jump/Armature_Jump_13.uasset" 92
"G:/Dokumenty/GitHub/KrakJam/Content/Player/Sprites/Jump/Armature_Jump_13_Sprite.uasset" 93
"G:/Dokumenty/GitHub/KrakJam/Content/Player/Sprites/Jump/Armature_Jump_12.uasset" 94
"G:/Dokumenty/GitHub/KrakJam/Content/Player/Sprites/Jump/Armature_Jump_12_Sprite.uasset" 95
"G:/Dokumenty/GitHub/KrakJam/Content/Player/Sprites/Jump/Armature_Jump_11.uasset" 96
"G:/Dokumenty/GitHub/KrakJam/Content/Player/Sprites/Jump/Armature_Jump_11_Sprite.uasset" 97
"G:/Dokumenty/GitHub/KrakJam/Content/Player/Sprites/Jump/Armature_Jump_10.uasset" 98
"G:/Dokumenty/GitHub/KrakJam/Content/Player/Sprites/Jump/Armature_Jump_10_Sprite.uasset" 99
"G:/Dokumenty/GitHub/KrakJam/Content/Player/Sprites/Jump/Armature_Jump_09.uasset" 100
"G:/Dokumenty/GitHub/KrakJam/Content/Player/Sprites/Jump/Armature_Jump_09_Sprite.uasset" 101
"G:/Dokumenty/GitHub/KrakJam/Content/Player/Sprites/Jump/Armature_Jump_08.uasset" 102
"G:/Dokumenty/GitHub/KrakJam/Content/Player/Sprites/Jump/Armature_Jump_08_Sprite.uasset" 103
"G:/Dokumenty/GitHub/KrakJam/Content/Player/Sprites/Jump/Armature_Jump_07.uasset" 104
"G:/Dokumenty/GitHub/KrakJam/Content/Player/Sprites/Jump/Armature_Jump_07_Sprite.uasset" 105
"G:/Dokumenty/GitHub/KrakJam/Content/Player/Sprites/Jump/Armature_Jump_06.uasset" 106
"G:/Dokumenty/GitHub/KrakJam/Content/Player/Sprites/Jump/Armature_Jump_06_Sprite.uasset" 107
"G:/Dokumenty/GitHub/KrakJam/Content/Player/Sprites/Jump/Armature_Jump_05.uasset" 108
"G:/Dokumenty/GitHub/KrakJam/Content/Player/Sprites/Jump/Armature_Jump_05_Sprite.uasset" 109
"G:/Dokumenty/GitHub/KrakJam/Content/Player/Sprites/Jump/Armature_Jump_04.uasset" 110
"G:/Dokumenty/GitHub/KrakJam/Content/Player/Sprites/Jump/Armature_Jump_04_Sprite.uasset" 111
"G:/Dokumenty/GitHub/KrakJam/Content/Player/Sprites/Jump/Armature_Jump_22.uasset" 112
"G:/Dokumenty/GitHub/KrakJam/Content/Player/Sprites/Jump/Armature_Jump_22_Sprite.uasset" 113
"G:/Dokumenty/GitHub/KrakJam/Content/Player/Sprites/Jump/Armature_Jump_03.uasset" 114
"G:/Dokumenty/GitHub/KrakJam/Content/Player/Sprites/Jump/Armature_Jump_03_Sprite.uasset" 115
"G:/Dokumenty/GitHub/KrakJam/Content/Player/Sprites/Jump/Armature_Jump_02.uasset" 116
"G:/Dokumenty/GitHub/KrakJam/Content/Player/Sprites/Jump/Armature_Jump_02_Sprite.uasset" 117
"G:/Dokumenty/GitHub/KrakJam/Content/Player/Sprites/Jump/Armature_Jump_01.uasset" 118
"G:/Dokumenty/GitHub/KrakJam/Content/Player/Sprites/Jump/Armature_Jump_01_Sprite.uasset" 119
"G:/Dokumenty/GitHub/KrakJam/Content/Player/Sprites/Jump/Armature_Jump_00.uasset" 120
"G:/Dokumenty/GitHub/KrakJam/Content/Player/Sprites/Jump/Armature_Jump_00_Sprite.uasset" 121
"G:/Dokumenty/GitHub/KrakJam/Content/Player/Flipbooks/Jump_new.uasset" 122
"G:/Dokumenty/GitHub/KrakJam/Content/Player/Sprites/Idle/Armature_Idle_24.uasset" 123
"G:/Dokumenty/GitHub/KrakJam/Content/Player/Sprites/Idle/Armature_Idle_24_Sprite.uasset" 124
"G:/Dokumenty/GitHub/KrakJam/Content/Player/Sprites/Idle/Armature_Idle_23.uasset" 125
"G:/Dokumenty/GitHub/KrakJam/Content/Player/Sprites/Idle/Armature_Idle_23_Sprite.uasset" 126
"G:/Dokumenty/GitHub/KrakJam/Content/Player/Sprites/Idle/Armature_Idle_21.uasset" 127
"G:/Dokumenty/GitHub/KrakJam/Content/Player/Sprites/Idle/Armature_Idle_21_Sprite.uasset" 128
"G:/Dokumenty/GitHub/KrakJam/Content/Player/Sprites/Idle/Armature_Idle_20.uasset" 129
"G:/Dokumenty/GitHub/KrakJam/Content/Player/Sprites/Idle/Armature_Idle_20_Sprite.uasset" 130
"G:/Dokumenty/GitHub/KrakJam/Content/Player/Sprites/Idle/Armature_Idle_19.uasset" 131
"G:/Dokumenty/GitHub/KrakJam/Content/Player/Sprites/Idle/Armature_Idle_19_Sprite.uasset" 132
"G:/Dokumenty/GitHub/KrakJam/Content/Player/Sprites/Idle/Armature_Idle_18.uasset" 133
"G:/Dokumenty/GitHub/KrakJam/Content/Player/Sprites/Idle/Armature_Idle_18_Sprite.uasset" 134
"G:/Dokumenty/GitHub/KrakJam/Content/Player/Sprites/Idle/Armature_Idle_17.uasset" 135
"G:/Dokumenty/GitHub/KrakJam/Content/Player/Sprites/Idle/Armature_Idle_17_Sprite.uasset" 136
"G:/Dokumenty/GitHub/KrakJam/Content/Player/Sprites/Idle/Armature_Idle_16.uasset" 137
"G:/Dokumenty/GitHub/KrakJam/Content/Player/Sprites/Idle/Armature_Idle_16_Sprite.uasset" 138
"G:/Dokumenty/GitHub/KrakJam/Content/Player/Sprites/Idle/Armature_Idle_15.uasset" 139
"G:/Dokumenty/GitHub/KrakJam/Content/Player/Sprites/Idle/Armature_Idle_15_Sprite.uasset" 140
"G:/Dokumenty/GitHub/KrakJam/Content/Player/Sprites/Idle/Armature_Idle_14.uasset" 141
"G:/Dokumenty/GitHub/KrakJam/Content/Player/Sprites/Idle/Armature_Idle_14_Sprite.uasset" 142
"G:/Dokumenty/GitHub/KrakJam/Content/Player/Sprites/Idle/Armature_Idle_13.uasset" 143
"G:/Dokumenty/GitHub/KrakJam/Content/Player/Sprites/Idle/Armature_Idle_13_Sprite.uasset" 144
"G:/Dokumenty/GitHub/KrakJam/Content/Player/Sprites/Idle/Armature_Idle_12.uasset" 145
"G:/Dokumenty/GitHub/KrakJam/Content/Player/Sprites/Idle/Armature_Idle_12_Sprite.uasset" 146
"G:/Dokumenty/GitHub/KrakJam/Content/Player/Sprites/Idle/Armature_Idle_11.uasset" 147
"G:/Dokumenty/GitHub/KrakJam/Content/Player/Sprites/Idle/Armature_Idle_11_Sprite.uasset" 148
"G:/Dokumenty/GitHub/KrakJam/Content/Player/Sprites/Idle/Armature_Idle_10.uasset" 149
"G:/Dokumenty/GitHub/KrakJam/Content/Player/Sprites/Idle/Armature_Idle_10_Sprite.uasset" 150
"G:/Dokumenty/GitHub/KrakJam/Content/Player/Sprites/Idle/Armature_Idle_09.uasset" 151
"G:/Dokumenty/GitHub/KrakJam/Content/Player/Sprites/Idle/Armature_Idle_09_Sprite.uasset" 152
"G:/Dokumenty/GitHub/KrakJam/Content/Player/Sprites/Idle/Armature_Idle_08.uasset" 153
"G:/Dokumenty/GitHub/KrakJam/Content/Player/Sprites/Idle/Armature_Idle_08_Sprite.uasset" 154
"G:/Dokumenty/GitHub/KrakJam/Content/Player/Sprites/Idle/Armature_Idle_07.uasset" 155
"G:/Dokumenty/GitHub/KrakJam/Content/Player/Sprites/Idle/Armature_Idle_07_Sprite.uasset" 156
"G:/Dokumenty/GitHub/KrakJam/Content/Player/Sprites/Idle/Armature_Idle_06.uasset" 157
"G:/Dokumenty/GitHub/KrakJam/Content/Player/Sprites/Idle/Armature_Idle_06_Sprite.uasset" 158
"G:/Dokumenty/GitHub/KrakJam/Content/Player/Sprites/Idle/Armature_Idle_05.uasset" 159
"G:/Dokumenty/GitHub/KrakJam/Content/Player/Sprites/Idle/Armature_Idle_05_Sprite.uasset" 160
"G:/Dokumenty/GitHub/KrakJam/Content/Player/Sprites/Idle/Armature_Idle_04.uasset" 161
"G:/Dokumenty/GitHub/KrakJam/Content/Player/Sprites/Idle/Armature_Idle_04_Sprite.uasset" 162
"G:/Dokumenty/GitHub/KrakJam/Content/Player/Sprites/Idle/Armature_Idle_22.uasset" 163
"G:/Dokumenty/GitHub/KrakJam/Content/Player/Sprites/Idle/Armature_Idle_22_Sprite.uasset" 164
"G:/Dokumenty/GitHub/KrakJam/Content/Player/Sprites/Idle/Armature_Idle_03.uasset" 165
"G:/Dokumenty/GitHub/KrakJam/Content/Player/Sprites/Idle/Armature_Idle_03_Sprite.uasset" 166
"G:/Dokumenty/GitHub/KrakJam/Content/Player/Sprites/Idle/Armature_Idle_02.uasset" 167
"G:/Dokumenty/GitHub/KrakJam/Content/Player/Sprites/Idle/Armature_Idle_02_Sprite.uasset" 168
"G:/Dokumenty/GitHub/KrakJam/Content/Player/Sprites/Idle/Armature_Idle_01.uasset" 169
"G:/Dokumenty/GitHub/KrakJam/Content/Player/Sprites/Idle/Armature_Idle_01_Sprite.uasset" 170
"G:/Dokumenty/GitHub/KrakJam/Content/Player/Sprites/Idle/Armature_Idle_00.uasset" 171
"G:/Dokumenty/GitHub/KrakJam/Content/Player/Sprites/Idle/Armature_Idle_00_Sprite.uasset" 172
"G:/Dokumenty/GitHub/KrakJam/Content/Player/Flipbooks/Idle.uasset" 173
"G:/Dokumenty/GitHub/KrakJam/Content/Player/Sprites/att/attack_0019.uasset" 174
"G:/Dokumenty/GitHub/KrakJam/Content/Player/Sprites/att/attack_0019_Sprite.uasset" 175
"G:/Dokumenty/GitHub/KrakJam/Content/Player/Sprites/att/attack_0018.uasset" 176
"G:/Dokumenty/GitHub/KrakJam/Content/Player/Sprites/att/attack_0018_Sprite.uasset" 177
"G:/Dokumenty/GitHub/KrakJam/Content/Player/Sprites/att/attack_0017.uasset" 178
"G:/Dokumenty/GitHub/KrakJam/Content/Player/Sprites/att/attack_0017_Sprite.uasset" 179
"G:/Dokumenty/GitHub/KrakJam/Content/Player/Sprites/att/attack_0016.uasset" 180
"G:/Dokumenty/GitHub/KrakJam/Content/Player/Sprites/att/attack_0016_Sprite.uasset" 181
"G:/Dokumenty/GitHub/KrakJam/Content/Player/Sprites/att/attack_0015.uasset" 182
"G:/Dokumenty/GitHub/KrakJam/Content/Player/Sprites/att/attack_0015_Sprite.uasset" 183
"G:/Dokumenty/GitHub/KrakJam/Content/Player/Sprites/att/attack_0014.uasset" 184
"G:/Dokumenty/GitHub/KrakJam/Content/Player/Sprites/att/attack_0014_Sprite.uasset" 185
"G:/Dokumenty/GitHub/KrakJam/Content/Player/Sprites/att/attack_0013.uasset" 186
"G:/Dokumenty/GitHub/KrakJam/Content/Player/Sprites/att/attack_0013_Sprite.uasset" 187
"G:/Dokumenty/GitHub/KrakJam/Content/Player/Sprites/att/attack_0012.uasset" 188
"G:/Dokumenty/GitHub/KrakJam/Content/Player/Sprites/att/attack_0012_Sprite.uasset" 189
"G:/Dokumenty/GitHub/KrakJam/Content/Player/Sprites/att/attack_0011.uasset" 190
"G:/Dokumenty/GitHub/KrakJam/Content/Player/Sprites/att/attack_0011_Sprite.uasset" 191
"G:/Dokumenty/GitHub/KrakJam/Content/Player/Sprites/att/attack_0010.uasset" 192
"G:/Dokumenty/GitHub/KrakJam/Content/Player/Sprites/att/attack_0010_Sprite.uasset" 193
"G:/Dokumenty/GitHub/KrakJam/Content/Player/Sprites/att/attack_0009.uasset" 194
"G:/Dokumenty/GitHub/KrakJam/Content/Player/Sprites/att/attack_0009_Sprite.uasset" 195
"G:/Dokumenty/GitHub/KrakJam/Content/Player/Sprites/att/attack_0008.uasset" 196
"G:/Dokumenty/GitHub/KrakJam/Content/Player/Sprites/att/attack_0008_Sprite.uasset" 197
"G:/Dokumenty/GitHub/KrakJam/Content/Player/Sprites/att/attack_0007.uasset" 198
"G:/Dokumenty/GitHub/KrakJam/Content/Player/Sprites/att/attack_0007_Sprite.uasset" 199
"G:/Dokumenty/GitHub/KrakJam/Content/Player/Sprites/att/attack_0006.uasset" 200
"G:/Dokumenty/GitHub/KrakJam/Content/Player/Sprites/att/attack_0006_Sprite.uasset" 201
"G:/Dokumenty/GitHub/KrakJam/Content/Player/Sprites/att/attack_0005.uasset" 202
"G:/Dokumenty/GitHub/KrakJam/Content/Player/Sprites/att/attack_0005_Sprite.uasset" 203
"G:/Dokumenty/GitHub/KrakJam/Content/Player/Sprites/att/attack_0004.uasset" 204
"G:/Dokumenty/GitHub/KrakJam/Content/Player/Sprites/att/attack_0004_Sprite.uasset" 205
"G:/Dokumenty/GitHub/KrakJam/Content/Player/Sprites/att/attack_0003.uasset" 206
"G:/Dokumenty/GitHub/KrakJam/Content/Player/Sprites/att/attack_0003_Sprite.uasset" 207
"G:/Dokumenty/GitHub/KrakJam/Content/Player/Sprites/att/attack_0002.uasset" 208
"G:/Dokumenty/GitHub/KrakJam/Content/Player/Sprites/att/attack_0002_Sprite.uasset" 209
"G:/Dokumenty/GitHub/KrakJam/Content/Player/Sprites/att/attack_0001.uasset" 210
"G:/Dokumenty/GitHub/KrakJam/Content/Player/Sprites/att/attack_0001_Sprite.uasset" 211
"G:/Dokumenty/GitHub/KrakJam/Content/Player/Sprites/att/attack_0000.uasset" 212
"G:/Dokumenty/GitHub/KrakJam/Content/Player/Sprites/att/attack_0000_Sprite.uasset" 213
"G:/Dokumenty/GitHub/KrakJam/Content/Player/Flipbooks/attack.uasset" 214
"../../../Engine/Content/VREditor/Sounds/UI/Click_on_Button_Cue.uasset" 215
"../../../Engine/Content/EditorBlueprintResources/StandardMacros.uasset" 216
"G:/Dokumenty/GitHub/KrakJam/Content/Assets/Enemies/Sprites/Worm/Armature_animtion0_06.uasset" 217
"G:/Dokumenty/GitHub/KrakJam/Content/Assets/Enemies/Sprites/Worm/Armature_animtion0_06_Sprite.uasset" 218
"G:/Dokumenty/GitHub/KrakJam/Content/Assets/Enemies/Sprites/Worm/Armature_animtion0_05.uasset" 219
"G:/Dokumenty/GitHub/KrakJam/Content/Assets/Enemies/Sprites/Worm/Armature_animtion0_05_Sprite.uasset" 220
"G:/Dokumenty/GitHub/KrakJam/Content/Assets/Enemies/Sprites/Worm/Armature_animtion0_04.uasset" 221
"G:/Dokumenty/GitHub/KrakJam/Content/Assets/Enemies/Sprites/Worm/Armature_animtion0_04_Sprite.uasset" 222
"G:/Dokumenty/GitHub/KrakJam/Content/Assets/Enemies/Sprites/Worm/Armature_animtion0_03.uasset" 223
"G:/Dokumenty/GitHub/KrakJam/Content/Assets/Enemies/Sprites/Worm/Armature_animtion0_03_Sprite.uasset" 224
"G:/Dokumenty/GitHub/KrakJam/Content/Assets/Enemies/Sprites/Worm/Armature_animtion0_02.uasset" 225
"G:/Dokumenty/GitHub/KrakJam/Content/Assets/Enemies/Sprites/Worm/Armature_animtion0_02_Sprite.uasset" 226
"G:/Dokumenty/GitHub/KrakJam/Content/Assets/Enemies/Sprites/Worm/Armature_animtion0_01.uasset" 227
"G:/Dokumenty/GitHub/KrakJam/Content/Assets/Enemies/Sprites/Worm/Armature_animtion0_01_Sprite.uasset" 228
"G:/Dokumenty/GitHub/KrakJam/Content/Assets/Enemies/Sprites/Worm/Armature_animtion0_00.uasset" 229
"G:/Dokumenty/GitHub/KrakJam/Content/Assets/Enemies/Sprites/Worm/Armature_animtion0_00_Sprite.uasset" 230
"G:/Dokumenty/GitHub/KrakJam/Content/Assets/Enemies/Flipbooks/Worm_Idle.uasset" 231
"G:/Dokumenty/GitHub/KrakJam/Content/Assets/Enemies/Sprites/Worm/Armature_animtion0_11.uasset" 232
"G:/Dokumenty/GitHub/KrakJam/Content/Assets/Enemies/Sprites/Worm/Armature_animtion0_11_Sprite.uasset" 233
"G:/Dokumenty/GitHub/KrakJam/Content/Assets/Enemies/Sprites/Worm/Armature_animtion0_10.uasset" 234
"G:/Dokumenty/GitHub/KrakJam/Content/Assets/Enemies/Sprites/Worm/Armature_animtion0_10_Sprite.uasset" 235
"G:/Dokumenty/GitHub/KrakJam/Content/Assets/Enemies/Sprites/Worm/Armature_animtion0_09.uasset" 236
"G:/Dokumenty/GitHub/KrakJam/Content/Assets/Enemies/Sprites/Worm/Armature_animtion0_09_Sprite.uasset" 237
"G:/Dokumenty/GitHub/KrakJam/Content/Assets/Enemies/Sprites/Worm/Armature_animtion0_08.uasset" 238
"G:/Dokumenty/GitHub/KrakJam/Content/Assets/Enemies/Sprites/Worm/Armature_animtion0_08_Sprite.uasset" 239
"G:/Dokumenty/GitHub/KrakJam/Content/Assets/Enemies/Sprites/Worm/Armature_animtion0_07.uasset" 240
"G:/Dokumenty/GitHub/KrakJam/Content/Assets/Enemies/Sprites/Worm/Armature_animtion0_07_Sprite.uasset" 241
"G:/Dokumenty/GitHub/KrakJam/Content/Assets/Enemies/Flipbooks/Worm.uasset" 242
"G:/Dokumenty/GitHub/KrakJam/Content/Blueprints/BAD/Enemy_Worm.uasset" 243
"G:/Dokumenty/GitHub/KrakJam/Content/Assets/Enemies/Sprites/Firefly/Armature_animtion0_01.uasset" 244
"G:/Dokumenty/GitHub/KrakJam/Content/Assets/Enemies/Sprites/Firefly/Armature_animtion0_01_Sprite.uasset" 245
"G:/Dokumenty/GitHub/KrakJam/Content/Blueprints/BAD/EnemyProjectile.uasset" 246
"G:/Dokumenty/GitHub/KrakJam/Content/Assets/Enemies/Sprites/Spike_Trap/Armature_animtion0_11.uasset" 247
"G:/Dokumenty/GitHub/KrakJam/Content/Assets/Enemies/Sprites/Spike_Trap/Armature_animtion0_11_Sprite.uasset" 248
"G:/Dokumenty/GitHub/KrakJam/Content/Assets/Enemies/Sprites/Spike_Trap/Armature_animtion0_10.uasset" 249
"G:/Dokumenty/GitHub/KrakJam/Content/Assets/Enemies/Sprites/Spike_Trap/Armature_animtion0_10_Sprite.uasset" 250
"G:/Dokumenty/GitHub/KrakJam/Content/Assets/Enemies/Sprites/Spike_Trap/Armature_animtion0_09.uasset" 251
"G:/Dokumenty/GitHub/KrakJam/Content/Assets/Enemies/Sprites/Spike_Trap/Armature_animtion0_09_Sprite.uasset" 252
"G:/Dokumenty/GitHub/KrakJam/Content/Assets/Enemies/Sprites/Spike_Trap/Armature_animtion0_08.uasset" 253
"G:/Dokumenty/GitHub/KrakJam/Content/Assets/Enemies/Sprites/Spike_Trap/Armature_animtion0_08_Sprite.uasset" 254
"G:/Dokumenty/GitHub/KrakJam/Content/Assets/Enemies/Sprites/Spike_Trap/Armature_animtion0_07.uasset" 255
"G:/Dokumenty/GitHub/KrakJam/Content/Assets/Enemies/Sprites/Spike_Trap/Armature_animtion0_07_Sprite.uasset" 256
"G:/Dokumenty/GitHub/KrakJam/Content/Assets/Enemies/Sprites/Spike_Trap/Armature_animtion0_06.uasset" 257
"G:/Dokumenty/GitHub/KrakJam/Content/Assets/Enemies/Sprites/Spike_Trap/Armature_animtion0_06_Sprite.uasset" 258
"G:/Dokumenty/GitHub/KrakJam/Content/Assets/Enemies/Sprites/Spike_Trap/Armature_animtion0_05.uasset" 259
"G:/Dokumenty/GitHub/KrakJam/Content/Assets/Enemies/Sprites/Spike_Trap/Armature_animtion0_05_Sprite.uasset" 260
"G:/Dokumenty/GitHub/KrakJam/Content/Assets/Enemies/Sprites/Spike_Trap/Armature_animtion0_04.uasset" 261
"G:/Dokumenty/GitHub/KrakJam/Content/Assets/Enemies/Sprites/Spike_Trap/Armature_animtion0_04_Sprite.uasset" 262
"G:/Dokumenty/GitHub/KrakJam/Content/Assets/Enemies/Sprites/Spike_Trap/Armature_animtion0_03.uasset" 263
"G:/Dokumenty/GitHub/KrakJam/Content/Assets/Enemies/Sprites/Spike_Trap/Armature_animtion0_03_Sprite.uasset" 264
"G:/Dokumenty/GitHub/KrakJam/Content/Assets/Enemies/Sprites/Spike_Trap/Armature_animtion0_02.uasset" 265
"G:/Dokumenty/GitHub/KrakJam/Content/Assets/Enemies/Sprites/Spike_Trap/Armature_animtion0_02_Sprite.uasset" 266
"G:/Dokumenty/GitHub/KrakJam/Content/Assets/Enemies/Sprites/Spike_Trap/Armature_animtion0_01.uasset" 267
"G:/Dokumenty/GitHub/KrakJam/Content/Assets/Enemies/Sprites/Spike_Trap/Armature_animtion0_01_Sprite.uasset" 268
"G:/Dokumenty/GitHub/KrakJam/Content/Assets/Enemies/Sprites/Spike_Trap/Armature_animtion0_00.uasset" 269
"G:/Dokumenty/GitHub/KrakJam/Content/Assets/Enemies/Sprites/Spike_Trap/Armature_animtion0_00_Sprite.uasset" 270
"G:/Dokumenty/GitHub/KrakJam/Content/Assets/Enemies/Flipbooks/SpikeTrap.uasset" 271
"G:/Dokumenty/GitHub/KrakJam/Content/Blueprints/BAD/Enemy_Shooting.uasset" 272
"G:/Dokumenty/GitHub/KrakJam/Content/Player/Player_Damage_Area.uasset" 273
"G:/Dokumenty/GitHub/KrakJam/Content/Assets/Widgets/Textures/Buttons_V2/button_retry2.uasset" 274
"G:/Dokumenty/GitHub/KrakJam/Content/Assets/Widgets/Textures/deathscreen.uasset" 275
"G:/Dokumenty/GitHub/KrakJam/Content/Blueprints/Widgets/Dead.uasset" 276
"G:/Dokumenty/GitHub/KrakJam/Content/Player/PlayerCharacter.uasset" 277
"G:/Dokumenty/GitHub/KrakJam/Content/Blueprints/MyGameMode.uasset" 278
"G:/Dokumenty/GitHub/KrakJam/Content/Levels/GameMode.uasset" 279
"../../../Engine/Content/EngineMaterials/T_Default_Material_Grid_N.uasset" 280
"../../../Engine/Content/EngineMaterials/T_Default_Material_Grid_M.uasset" 281
"../../../Engine/Content/Functions/Engine_MaterialFunctions01/Opacity/CameraDepthFade.uasset" 282
"../../../Engine/Content/EngineMaterials/WorldGridMaterial.uasset" 283
"../../../Engine/Content/ArtTools/RenderToTexture/Meshes/S_1_Unit_Plane.uasset" 284
"../../../Engine/Content/EngineMaterials/DefaultMaterial.uasset" 285
"../../../Engine/Content/BasicShapes/Cone.uasset" 286
"../../../Engine/Content/BasicShapes/Cube.uasset" 287
"../../../Engine/Content/BasicShapes/Plane.uasset" 288
"../../../Engine/Content/BasicShapes/Sphere.uasset" 289
"../../../Engine/Content/EditorLandscapeResources/DataLayer.uasset" 290
"../../../Engine/Content/EditorLandscapeResources/DefaultAlphaTexture.uasset" 291
"../../../Engine/Content/EditorMaterials/MAT_Groups_Toggle.uasset" 292
"../../../Engine/Content/EditorMaterials/MAT_Groups_Visibility.uasset" 293
"../../../Engine/Content/EditorMaterials/PreviewShadowIndicator.uasset" 294
"../../../Engine/Content/EditorMaterials/PreviewShadowIndicatorMaterial.uasset" 295
"../../../Engine/Content/EditorMaterials/MatineeGroups/MAT_ColorTrack.uasset" 296
"../../../Engine/Content/EditorMaterials/MatineeGroups/MAT_Groups_Anim.uasset" 297
"../../../Engine/Content/EditorMaterials/MatineeGroups/MAT_Groups_AudioMaster.uasset" 298
"../../../Engine/Content/EditorMaterials/MatineeGroups/MAT_Groups_Director.uasset" 299
"../../../Engine/Content/EditorMaterials/MatineeGroups/MAT_Groups_Event.uasset" 300
"../../../Engine/Content/EditorMaterials/MatineeGroups/MAT_Groups_Fade.uasset" 301
"../../../Engine/Content/EditorMaterials/MatineeGroups/MAT_Groups_Float.uasset" 302
"../../../Engine/Content/EditorMaterials/MatineeGroups/MAT_Groups_Move.uasset" 303
"../../../Engine/Content/EditorMaterials/MatineeGroups/MAT_Groups_Slomo.uasset" 304
"../../../Engine/Content/EditorMaterials/MatineeGroups/MAT_Groups_Sound.uasset" 305
"../../../Engine/Content/EditorMaterials/MatineeGroups/MAT_Groups_Vector.uasset" 306
"../../../Engine/Content/EditorMaterials/ParticleSystems/PSysThumbnail_NoImage.uasset" 307
"../../../Engine/Content/EditorMaterials/ParticleSystems/PSysThumbnail_OOD.uasset" 308
"../../../Engine/Content/EditorMaterials/Camera/CineMat.uasset" 309
"../../../Engine/Content/EditorMaterials/Camera/MI_CineMat_Rig.uasset" 310
"../../../Engine/Content/EditorMeshes/Camera/SM_CraneRig_Arm.uasset" 311
"../../../Engine/Content/EditorMeshes/Camera/SM_CraneRig_Base.uasset" 312
"../../../Engine/Content/EditorMeshes/Camera/SM_CraneRig_Body.uasset" 313
"../../../Engine/Content/EditorMeshes/Camera/SM_CraneRig_Mount.uasset" 314
"../../../Engine/Content/EditorMeshes/Camera/SM_RailRig_Mount.uasset" 315
"../../../Engine/Content/EditorMeshes/Camera/SM_RailRig_Track.uasset" 316
"../../../Engine/Content/EditorResources/BSPVertex.uasset" 317
"../../../Engine/Content/EditorResources/EmptyActor.uasset" 318
"../../../Engine/Content/EditorResources/S_Actor.uasset" 319
"../../../Engine/Content/EditorResources/S_Note.uasset" 320
"../../../Engine/Content/EditorResources/S_Solver.uasset" 321
"../../../Engine/Content/EditorResources/S_Terrain.uasset" 322
"../../../Engine/Content/EditorResources/S_Trigger.uasset" 323
"../../../Engine/Content/EditorResources/SequenceRecorder/Countdown.uasset" 324
"../../../Engine/Content/EditorResources/SequenceRecorder/RecordingIndicator.uasset" 325
"../../../Engine/Content/EngineDamageTypes/DmgTypeBP_Environmental.uasset" 326
"../../../Engine/Content/EngineDebugMaterials/DebugEditorMaterial.uasset" 327
"../../../Engine/Content/EngineDebugMaterials/DebugMeshMaterial.uasset" 328
"../../../Engine/Content/EngineDebugMaterials/M_SimpleUnlitTranslucent.uasset" 329
"../../../Engine/Content/EngineDebugMaterials/VolumeToRender.uasset" 330
"../../../Engine/Content/Functions/Engine_MaterialFunctions02/Utility/CameraDirectionVector.uasset" 331
"../../../Engine/Content/EngineDebugMaterials/M_VolumeRenderSphereTracePP.uasset" 332
"../../../Engine/Content/Functions/Engine_MaterialFunctions01/Shading/ConvertFromDiffSpec.uasset" 333
"../../../Engine/Content/EngineDebugMaterials/VertexColorMaterial.uasset" 334
"../../../Engine/Content/EngineDebugMaterials/WireframeMaterial.uasset" 335
"../../../Engine/Content/EngineFonts/Faces/RobotoRegular.uasset" 336
"../../../Engine/Content/EngineFonts/Faces/RobotoLight.uasset" 337
"../../../Engine/Content/EngineFonts/Faces/RobotoItalic.uasset" 338
"../../../Engine/Content/EngineFonts/Faces/RobotoBoldItalic.uasset" 339
"../../../Engine/Content/EngineFonts/Faces/RobotoBold.uasset" 340
"../../../Engine/Content/EngineFonts/Faces/DroidSansFallback.uasset" 341
"../../../Engine/Content/EngineFonts/Roboto.uasset" 342
"../../../Engine/Content/EngineMaterials/BaseFlattenNormalMap.uasset" 343
"../../../Engine/Content/EngineMaterials/BaseFlattenGrayscaleMap.uasset" 344
"../../../Engine/Content/EngineMaterials/BaseFlattenEmissiveMap.uasset" 345
"../../../Engine/Content/EngineMaterials/BaseFlattenDiffuseMap.uasset" 346
"../../../Engine/Content/EngineMaterials/BaseFlattenMaterial.uasset" 347
"../../../Engine/Content/EngineMaterials/BlueNoise.uasset" 348
"../../../Engine/Content/EngineMaterials/DefaultBloomKernel.uasset" 349
"../../../Engine/Content/EngineMaterials/DefaultBokeh.uasset" 350
"../../../Engine/Content/EngineMaterials/DefaultDiffuse.uasset" 351
"../../../Engine/Content/EngineMaterials/DefaultDeferredDecalMaterial.uasset" 352
"../../../Engine/Content/EngineMaterials/DefaultLightFunctionMaterial.uasset" 353
"../../../Engine/Content/EngineMaterials/DefaultPhysicalMaterial.uasset" 354
"../../../Engine/Content/Functions/Engine_MaterialFunctions02/Utility/BreakOutFloat2Components.uasset" 355
"../../../Engine/Content/EngineMaterials/DefaultPostProcessMaterial.uasset" 356
"../../../Engine/Content/EngineFonts/RobotoDistanceField.uasset" 357
"../../../Engine/Content/EngineMaterials/DefaultTextMaterialOpaque.uasset" 358
"../../../Engine/Content/EngineMaterials/DefaultWhiteGrid.uasset" 359
"../../../Engine/Content/EngineMaterials/DefaultWhiteGrid_Low.uasset" 360
"../../../Engine/Content/EngineMaterials/EmissiveMeshMaterial.uasset" 361
"../../../Engine/Content/EngineMaterials/GizmoMaterial.uasset" 362
"../../../Engine/Content/EngineMaterials/Good64x64TilingNoiseHighFreq.uasset" 363
"../../../Engine/Content/EngineMaterials/MiniFont.uasset" 364
"../../../Engine/Content/EngineMaterials/InvalidLightmapSettings.uasset" 365
"../../../Engine/Content/EngineMaterials/M_InvalidLightmapSettings.uasset" 366
"../../../Engine/Content/Functions/Engine_MaterialFunctions02/WorldPositionOffset/CameraOffset.uasset" 367
"../../../Engine/Content/EngineMaterials/PhAT_JointLimitMaterial.uasset" 368
"../../../Engine/Content/EngineMaterials/PreintegratedSkinBRDF.uasset" 369
"../../../Engine/Content/EngineMaterials/RemoveSurfaceMaterial.uasset" 370
"../../../Engine/Content/EngineMaterials/WeightMapPlaceholderTexture.uasset" 371
"../../../Engine/Content/EngineResources/WhiteSquareTexture.uasset" 372
"../../../Engine/Content/EngineMaterials/Widget3DPassThrough.uasset" 373
"../../../Engine/Content/EngineMaterials/Widget3DPassThrough_Masked.uasset" 374
"../../../Engine/Content/EngineMaterials/Widget3DPassThrough_Opaque.uasset" 375
"../../../Engine/Content/EngineMaterials/Widget3DPassThrough_Masked_OneSided.uasset" 376
"../../../Engine/Content/EngineMaterials/Widget3DPassThrough_Opaque_OneSided.uasset" 377
"../../../Engine/Content/EngineMaterials/Widget3DPassThrough_Translucent.uasset" 378
"../../../Engine/Content/EngineMaterials/Widget3DPassThrough_Translucent_OneSided.uasset" 379
"../../../Engine/Content/EngineMeshes/Cylinder.uasset" 380
"../../../Engine/Content/EngineMeshes/Sphere.uasset" 381
"../../../Engine/Content/EngineResources/Black.uasset" 382
"../../../Engine/Content/EngineResources/DefaultTextureCube.uasset" 383
"../../../Engine/Content/EngineResources/DefaultVolumeTexture2D.uasset" 384
"../../../Engine/Content/EngineResources/DefaultVolumeTexture.uasset" 385
"../../../Engine/Content/EngineResources/GradientTexture0.uasset" 386
"../../../Engine/Content/EngineSky/VolumetricClouds/T_NoiseShape64.uasset" 387
"../../../Engine/Content/EngineSky/VolumetricClouds/T_VolumeNoiseShape64.uasset" 388
"../../../Engine/Content/EngineSky/VolumetricClouds/T_NoiseErosion.uasset" 389
"../../../Engine/Content/EngineSky/VolumetricClouds/T_VolumeNoiseErosion32.uasset" 390
"../../../Engine/Content/EngineSky/VolumetricClouds/CloudWeatherTexture.uasset" 391
"../../../Engine/Content/EngineSky/VolumetricClouds/CloudGradientTexture.uasset" 392
"../../../Engine/Content/Functions/Engine_MaterialFunctions02/Utility/MakeFloat2.uasset" 393
"../../../Engine/Content/EngineSky/VolumetricClouds/m_SimpleVolumetricCloud.uasset" 394
"../../../Engine/Content/EngineSky/VolumetricClouds/m_SimpleVolumetricCloud_Inst.uasset" 395
"../../../Engine/Content/EngineSounds/Master.uasset" 396
"../../../Engine/Content/Functions/Engine_MaterialFunctions01/Shading/PowerToRoughness.uasset" 397
"../../../Engine/Content/Maps/Templates/Thumbnails/Default.uasset" 398
"../../../Engine/Content/Maps/Templates/Thumbnails/TimeOfDay.uasset" 399
"../../../Engine/Content/Maps/Templates/Thumbnails/VR-Basic.uasset" 400
"../../../Engine/Content/MobileResources/T_MobileControls_texture.uasset" 401
"../../../Engine/Content/MobileResources/T_MobileMenu2.uasset" 402
"../../../Engine/Content/MobileResources/HUD/AnalogHat.uasset" 403
"../../../Engine/Content/MobileResources/HUD/VirtualJoystick_Thumb.uasset" 404
"../../../Engine/Content/MobileResources/HUD/VirtualJoystick_Background.uasset" 405
"../../../Engine/Content/MobileResources/HUD/DefaultVirtualJoysticks.uasset" 406
"../../../Engine/Content/MobileResources/HUD/LeftVirtualJoystickOnly.uasset" 407
"../../../Engine/Content/MobileResources/HUD/MobileHUDButton1_off.uasset" 408
"../../../Engine/Content/MobileResources/HUD/MobileHUDButton1_on.uasset" 409
"../../../Engine/Content/MobileResources/HUD/MobileHUDButton2_off.uasset" 410
"../../../Engine/Content/MobileResources/HUD/MobileHUDButton2_on.uasset" 411
"../../../Engine/Content/MobileResources/HUD/MobileHUDButton3.uasset" 412
"../../../Engine/Content/MobileResources/HUD/MobileHUDButtonFire.uasset" 413
"../../../Engine/Content/MobileResources/HUD/MobileHUDDirectionPad.uasset" 414
"../../../Engine/Content/MobileResources/HUD/MobileHUDDirectionPad2.uasset" 415
"../../../Engine/Content/MobileResources/HUD/MobileHUDDirectionPad3.uasset" 416
"../../../Engine/Content/MobileResources/HUD/MobileHUDDirectionStick.uasset" 417
"../../../Engine/Content/MobileResources/HUD/T_Castle_ThumbstickInner.uasset" 418
"../../../Engine/Content/MobileResources/HUD/T_Castle_ThumbstickOutter.uasset" 419
"../../../Engine/Content/Tutorial/ContentIntroCurve.uasset" 420
"../../../Engine/Content/Tutorial/Basics/LevelEditorAttract.uasset" 421
"../../../Engine/Content/Tutorial/BlueprintTutorials/TutorialAssets/Blueprint_64x.uasset" 422
"../../../Engine/Content/Tutorial/BlueprintTutorials/BlueprintEditorTutorial.uasset" 423
"../../../Engine/Content/Tutorial/Installation/InstallingVisualStudioTutorial.uasset" 424
"../../../Engine/Content/VREditor/Sounds/UI/Click_on_Button.uasset" 425
"../../../Engine/Content/VREditor/TransformGizmo/TranslucentTransformGizmoMaterial.uasset" 426
"../../../Engine/Content/VREditor/LaserPointer/VR_LaserPower_01.uasset" 427
"../../../Engine/Content/VREditor/TransformGizmo/TransformGizmoMaterial.uasset" 428
"../../../Engine/Content/VREditor/TransformGizmo/BoundingBoxCorner.uasset" 429
"../../../Engine/Content/VREditor/TransformGizmo/BoundingBoxEdge.uasset" 430
"../../../Engine/Content/VREditor/TransformGizmo/PlaneTranslationHandle.uasset" 431
"../../../Engine/Content/VREditor/TransformGizmo/Xray.uasset" 432
"../../../Engine/Content/VREditor/TransformGizmo/Main.uasset" 433
"../../../Engine/Content/VREditor/TransformGizmo/SM_Sequencer_Key.uasset" 434
"../../../Engine/Content/VREditor/TransformGizmo/SM_Sequencer_Node.uasset" 435
"../../Plugins/2D/Paper2D/Content/DummySprite.uasset" 436
"../../Plugins/2D/Paper2D/Content/DefaultPaperTerrainMaterial.uasset" 437
"../../Plugins/2D/Paper2D/Content/OpaqueUnlitSpriteMaterial.uasset" 438
"../../../Engine/Content/Functions/Engine_MaterialFunctions02/Utility/BreakOutFloat3Components.uasset" 439
"../../../Engine/Content/Functions/Engine_MaterialFunctions02/ObjectLocalBounds.uasset" 440
"../../Plugins/Editor/SpeedTreeImporter/Content/SpeedTree9/UnpackInteger3.uasset" 441
"../../Plugins/Editor/SpeedTreeImporter/Content/SpeedTree9/UnpackDirection.uasset" 442
"../../Plugins/Editor/SpeedTreeImporter/Content/SpeedTree9/game_wind_noise.uasset" 443
"../../../Engine/Content/Functions/Engine_MaterialFunctions02/SafeNormalize.uasset" 444
"../../Plugins/Editor/SpeedTreeImporter/Content/SpeedTree9/SpeedTreeWindMotion.uasset" 445
"../../Plugins/Editor/SpeedTreeImporter/Content/SpeedTree9/SpeedTreeBranchMotion.uasset" 446
"../../../Engine/Content/Functions/Engine_MaterialFunctions02/UVs/BoundingBoxBased_0-1_UVW.uasset" 447
"../../Plugins/Editor/SpeedTreeImporter/Content/SpeedTree9/SpeedTreeWind.uasset" 448
"../../Plugins/Editor/SpeedTreeImporter/Content/SpeedTree9/SpeedTreeBillboard.uasset" 449
"../../../Engine/Content/EngineResources/DefaultTexture.uasset" 450
"../../Plugins/Editor/SpeedTreeImporter/Content/SpeedTree9/SpeedTreeBillboardMaster.uasset" 451
"../../Plugins/Editor/SpeedTreeImporter/Content/SpeedTree9/SpeedTreeCameraFacing.uasset" 452
"../../Plugins/Editor/SpeedTreeImporter/Content/SpeedTree9/SpeedTreeMaster.uasset" 453
"../../../Engine/Content/BasicShapes/Cylinder.uasset" 454
"../../../Engine/Content/ArtTools/RenderToTexture/Materials/Debug/M_Emissive_Color.uasset" 455
"../../Plugins/Lumin/MagicLeapPassableWorld/Content/MagicLeapARPinInfoActor.uasset" 456
"../../../Engine/Content/Functions/Engine_MaterialFunctions02/Utility/BreakOutFloat4Components.uasset" 457
"../../../Engine/Content/Functions/Engine_MaterialFunctions02/Utility/MakeFloat3.uasset" 458
"../../Plugins/Runtime/Oculus/OculusVR/Content/Materials/OculusMR_ChromaKey.uasset" 459
"../../Plugins/Runtime/Oculus/OculusVR/Content/Materials/OculusMR_OpaqueColoredMaterial.uasset" 460
"../../Plugins/Runtime/Oculus/OculusVR/Content/Materials/PokeAHoleMaterial.uasset" 461
"G:/Dokumenty/GitHub/KrakJam/Content/Assets/Widgets/Textures/Buttons_V2/button_start2.uasset" 462
"G:/Dokumenty/GitHub/KrakJam/Content/Assets/Widgets/Textures/Buttons_V2/button_load2.uasset" 463
"G:/Dokumenty/GitHub/KrakJam/Content/Assets/Widgets/Textures/Buttons_V2/button_level6.uasset" 464
"G:/Dokumenty/GitHub/KrakJam/Content/Assets/Widgets/Textures/Buttons_V2/button_level5.uasset" 465
"G:/Dokumenty/GitHub/KrakJam/Content/Assets/Widgets/Textures/Buttons_V2/button_level4.uasset" 466
"G:/Dokumenty/GitHub/KrakJam/Content/Assets/Widgets/Textures/Buttons_V2/button_level3.uasset" 467
"G:/Dokumenty/GitHub/KrakJam/Content/Assets/Widgets/Textures/Buttons_V2/button_level2.uasset" 468
"G:/Dokumenty/GitHub/KrakJam/Content/Assets/Widgets/Textures/Buttons_V2/button_level1.uasset" 469
"G:/Dokumenty/GitHub/KrakJam/Content/Assets/Widgets/Textures/Buttons_V2/button_EXIT.uasset" 470
"G:/Dokumenty/GitHub/KrakJam/Content/Assets/Widgets/Textures/Buttons_V2/button_credits2.uasset" 471
"G:/Dokumenty/GitHub/KrakJam/Content/Assets/Widgets/Textures/Buttons_V2/BUTTON_BACK.uasset" 472
"G:/Dokumenty/GitHub/KrakJam/Content/Blueprints/Widgets/MainMenu.uasset" 473
"G:/Dokumenty/GitHub/KrakJam/Content/Levels/Maps/MainMenu.umap" 474
"G:/Dokumenty/GitHub/KrakJam/Content/Levels/LevelAssets/Sprites/grzyb2.uasset" 475
"G:/Dokumenty/GitHub/KrakJam/Content/Levels/LevelAssets/TileSets/grzyb2_TileSet.uasset" 476
"G:/Dokumenty/GitHub/KrakJam/Content/Levels/LevelAssets/Sprites/TilesetNowy.uasset" 477
"G:/Dokumenty/GitHub/KrakJam/Content/Levels/LevelAssets/TileSets/TSNowy.uasset" 478
"G:/Dokumenty/GitHub/KrakJam/Content/Levels/LevelAssets/TileMaps/Poziom_A.uasset" 479
"G:/Dokumenty/GitHub/KrakJam/Content/Levels/LevelAssets/TileMaps/CIEMNOSC.uasset" 480
"G:/Dokumenty/GitHub/KrakJam/Content/Levels/LevelAssets/Sprites/5_drzewa_.uasset" 481
"G:/Dokumenty/GitHub/KrakJam/Content/Levels/LevelAssets/Backgrounds/5_drzewa__Sprite.uasset" 482
"G:/Dokumenty/GitHub/KrakJam/Content/Levels/LevelAssets/Sprites/4_swiatlo_.uasset" 483
"G:/Dokumenty/GitHub/KrakJam/Content/Levels/LevelAssets/Backgrounds/4_swiatlo__Sprite.uasset" 484
"G:/Dokumenty/GitHub/KrakJam/Content/Levels/LevelAssets/Sprites/3.uasset" 485
"G:/Dokumenty/GitHub/KrakJam/Content/Levels/LevelAssets/Backgrounds/3_Sprite.uasset" 486
"G:/Dokumenty/GitHub/KrakJam/Content/Levels/LevelAssets/Sprites/2_NOWA_WERSJA_.uasset" 487
"G:/Dokumenty/GitHub/KrakJam/Content/Levels/LevelAssets/Backgrounds/2_NOWA_WERSJA__Sprite.uasset" 488
"G:/Dokumenty/GitHub/KrakJam/Content/Levels/LevelAssets/Sprites/1.uasset" 489
"G:/Dokumenty/GitHub/KrakJam/Content/Levels/LevelAssets/Backgrounds/1_Sprite.uasset" 490
"../../../Engine/Content/EngineFonts/Faces/RobotoTiny.uasset" 491
"../../../Engine/Content/EngineFonts/RobotoTiny.uasset" 492
"G:/Dokumenty/GitHub/KrakJam/Content/Assets/Widgets/Textures/overhead.uasset" 493
"G:/Dokumenty/GitHub/KrakJam/Content/Blueprints/Widgets/HeadPopUp.uasset" 494
"G:/Dokumenty/GitHub/KrakJam/Content/Assets/Widgets/slimor_Sprite.uasset" 495
"G:/Dokumenty/GitHub/KrakJam/Content/Assets/EmissiveText.uasset" 496
"G:/Dokumenty/GitHub/KrakJam/Content/Blueprints/Positive/Snail_Pat.uasset" 497
"G:/Dokumenty/GitHub/KrakJam/Content/Assets/Enemies/Sprites/Fungus_Green/Armature_animtion0_06.uasset" 498
"G:/Dokumenty/GitHub/KrakJam/Content/Assets/Enemies/Sprites/Fungus_Green/Armature_animtion0_06_Sprite.uasset" 499
"G:/Dokumenty/GitHub/KrakJam/Content/Assets/Enemies/Sprites/Fungus_Green/Armature_animtion0_00.uasset" 500
"G:/Dokumenty/GitHub/KrakJam/Content/Assets/Enemies/Sprites/Fungus_Green/Armature_animtion0_00_Sprite.uasset" 501
"G:/Dokumenty/GitHub/KrakJam/Content/Assets/Enemies/Sprites/Fungus_Green/Armature_animtion0_01.uasset" 502
"G:/Dokumenty/GitHub/KrakJam/Content/Assets/Enemies/Sprites/Fungus_Green/Armature_animtion0_01_Sprite.uasset" 503
"G:/Dokumenty/GitHub/KrakJam/Content/Assets/Enemies/Sprites/Fungus_Green/Armature_animtion0_02.uasset" 504
"G:/Dokumenty/GitHub/KrakJam/Content/Assets/Enemies/Sprites/Fungus_Green/Armature_animtion0_02_Sprite.uasset" 505
"G:/Dokumenty/GitHub/KrakJam/Content/Assets/Enemies/Sprites/Fungus_Green/Armature_animtion0_03.uasset" 506
"G:/Dokumenty/GitHub/KrakJam/Content/Assets/Enemies/Sprites/Fungus_Green/Armature_animtion0_03_Sprite.uasset" 507
"G:/Dokumenty/GitHub/KrakJam/Content/Assets/Enemies/Sprites/Fungus_Green/Armature_animtion0_07.uasset" 508
"G:/Dokumenty/GitHub/KrakJam/Content/Assets/Enemies/Sprites/Fungus_Green/Armature_animtion0_07_Sprite.uasset" 509
"G:/Dokumenty/GitHub/KrakJam/Content/Assets/Enemies/Sprites/Fungus_Green/Armature_animtion0_08.uasset" 510
"G:/Dokumenty/GitHub/KrakJam/Content/Assets/Enemies/Sprites/Fungus_Green/Armature_animtion0_08_Sprite.uasset" 511
"G:/Dokumenty/GitHub/KrakJam/Content/Assets/Enemies/Sprites/Fungus_Green/Armature_animtion0_09.uasset" 512
"G:/Dokumenty/GitHub/KrakJam/Content/Assets/Enemies/Sprites/Fungus_Green/Armature_animtion0_09_Sprite.uasset" 513
"G:/Dokumenty/GitHub/KrakJam/Content/Assets/Enemies/Sprites/Fungus_Green/Armature_animtion0_10.uasset" 514
"G:/Dokumenty/GitHub/KrakJam/Content/Assets/Enemies/Sprites/Fungus_Green/Armature_animtion0_10_Sprite.uasset" 515
"G:/Dokumenty/GitHub/KrakJam/Content/Assets/Enemies/Sprites/Fungus_Green/Armature_animtion0_11.uasset" 516
"G:/Dokumenty/GitHub/KrakJam/Content/Assets/Enemies/Sprites/Fungus_Green/Armature_animtion0_11_Sprite.uasset" 517
"G:/Dokumenty/GitHub/KrakJam/Content/Assets/Enemies/Sprites/Fungus_Green/Armature_animtion0_04.uasset" 518
"G:/Dokumenty/GitHub/KrakJam/Content/Assets/Enemies/Sprites/Fungus_Green/Armature_animtion0_04_Sprite.uasset" 519
"G:/Dokumenty/GitHub/KrakJam/Content/Assets/Enemies/Sprites/Fungus_Green/Armature_animtion0_05.uasset" 520
"G:/Dokumenty/GitHub/KrakJam/Content/Assets/Enemies/Sprites/Fungus_Green/Armature_animtion0_05_Sprite.uasset" 521
"G:/Dokumenty/GitHub/KrakJam/Content/Assets/Enemies/Flipbooks/Fungus_Good.uasset" 522
"G:/Dokumenty/GitHub/KrakJam/Content/Blueprints/Positive/BP_GoodFungus1.uasset" 523
"G:/Dokumenty/GitHub/KrakJam/Content/Blueprints/Overhead/HeadPopUP.uasset" 524
"G:/Dokumenty/GitHub/KrakJam/Content/Assets/Widgets/NPCs/WI_text_bckg.uasset" 525
"G:/Dokumenty/GitHub/KrakJam/Content/Assets/Widgets/NPCs/WI_name_bckg.uasset" 526
"G:/Dokumenty/GitHub/KrakJam/Content/Assets/Widgets/NPCs/postac_2.uasset" 527
"G:/Dokumenty/GitHub/KrakJam/Content/Assets/Widgets/NPCs/button---.uasset" 528
"G:/Dokumenty/GitHub/KrakJam/Content/Blueprints/Widgets/NPCs/Scene_2.uasset" 529
"G:/Dokumenty/GitHub/KrakJam/Content/Blueprints/NPC/tutorial.uasset" 530
"G:/Dokumenty/GitHub/KrakJam/Content/Assets/Widgets/Textures/LEVEL.uasset" 531
"G:/Dokumenty/GitHub/KrakJam/Content/Blueprints/Widgets/lvl_complete/lvl_complete_1.uasset" 532
"G:/Dokumenty/GitHub/KrakJam/Content/Assets/Enemies/Sprites/Star/Armature_animtion0_11.uasset" 533
"G:/Dokumenty/GitHub/KrakJam/Content/Assets/Enemies/Sprites/Star/Armature_animtion0_11_Sprite.uasset" 534
"G:/Dokumenty/GitHub/KrakJam/Content/Assets/Enemies/Sprites/Star/Armature_animtion0_10.uasset" 535
"G:/Dokumenty/GitHub/KrakJam/Content/Assets/Enemies/Sprites/Star/Armature_animtion0_10_Sprite.uasset" 536
"G:/Dokumenty/GitHub/KrakJam/Content/Assets/Enemies/Sprites/Star/Armature_animtion0_09.uasset" 537
"G:/Dokumenty/GitHub/KrakJam/Content/Assets/Enemies/Sprites/Star/Armature_animtion0_09_Sprite.uasset" 538
"G:/Dokumenty/GitHub/KrakJam/Content/Assets/Enemies/Sprites/Star/Armature_animtion0_08.uasset" 539
"G:/Dokumenty/GitHub/KrakJam/Content/Assets/Enemies/Sprites/Star/Armature_animtion0_08_Sprite.uasset" 540
"G:/Dokumenty/GitHub/KrakJam/Content/Assets/Enemies/Sprites/Star/Armature_animtion0_07.uasset" 541
"G:/Dokumenty/GitHub/KrakJam/Content/Assets/Enemies/Sprites/Star/Armature_animtion0_07_Sprite.uasset" 542
"G:/Dokumenty/GitHub/KrakJam/Content/Assets/Enemies/Sprites/Star/Armature_animtion0_06.uasset" 543
"G:/Dokumenty/GitHub/KrakJam/Content/Assets/Enemies/Sprites/Star/Armature_animtion0_06_Sprite.uasset" 544
"G:/Dokumenty/GitHub/KrakJam/Content/Assets/Enemies/Sprites/Star/Armature_animtion0_05.uasset" 545
"G:/Dokumenty/GitHub/KrakJam/Content/Assets/Enemies/Sprites/Star/Armature_animtion0_05_Sprite.uasset" 546
"G:/Dokumenty/GitHub/KrakJam/Content/Assets/Enemies/Sprites/Star/Armature_animtion0_04.uasset" 547
"G:/Dokumenty/GitHub/KrakJam/Content/Assets/Enemies/Sprites/Star/Armature_animtion0_04_Sprite.uasset" 548
"G:/Dokumenty/GitHub/KrakJam/Content/Assets/Enemies/Sprites/Star/Armature_animtion0_03.uasset" 549
"G:/Dokumenty/GitHub/KrakJam/Content/Assets/Enemies/Sprites/Star/Armature_animtion0_03_Sprite.uasset" 550
"G:/Dokumenty/GitHub/KrakJam/Content/Assets/Enemies/Sprites/Star/Armature_animtion0_02.uasset" 551
"G:/Dokumenty/GitHub/KrakJam/Content/Assets/Enemies/Sprites/Star/Armature_animtion0_02_Sprite.uasset" 552
"G:/Dokumenty/GitHub/KrakJam/Content/Assets/Enemies/Sprites/Star/Armature_animtion0_01.uasset" 553
"G:/Dokumenty/GitHub/KrakJam/Content/Assets/Enemies/Sprites/Star/Armature_animtion0_01_Sprite.uasset" 554
"G:/Dokumenty/GitHub/KrakJam/Content/Assets/Enemies/Sprites/Star/Armature_animtion0_00.uasset" 555
"G:/Dokumenty/GitHub/KrakJam/Content/Assets/Enemies/Sprites/Star/Armature_animtion0_00_Sprite.uasset" 556
"G:/Dokumenty/GitHub/KrakJam/Content/Assets/Enemies/Flipbooks/Star.uasset" 557
"G:/Dokumenty/GitHub/KrakJam/Content/Blueprints/Complete_lvl/CompleteLevel1.uasset" 558
"G:/Dokumenty/GitHub/KrakJam/Content/Levels/LevelAssets/Sprites/k1.uasset" 559
"G:/Dokumenty/GitHub/KrakJam/Content/Levels/LevelAssets/Sprites/k1_Sprite.uasset" 560
"G:/Dokumenty/GitHub/KrakJam/Content/Levels/LevelAssets/Sprites/k2.uasset" 561
"G:/Dokumenty/GitHub/KrakJam/Content/Levels/LevelAssets/Sprites/k2_Sprite.uasset" 562
"G:/Dokumenty/GitHub/KrakJam/Content/Blueprints/BAD/Spikes/_BP_Master_Spikes.uasset" 563
"G:/Dokumenty/GitHub/KrakJam/Content/Blueprints/BAD/Spikes/BP_Spikes_V_Lonng.uasset" 564
"G:/Dokumenty/GitHub/KrakJam/Content/Levels/LevelAssets/Sprites/k6.uasset" 565
"G:/Dokumenty/GitHub/KrakJam/Content/Levels/LevelAssets/Sprites/k6_Sprite.uasset" 566
"G:/Dokumenty/GitHub/KrakJam/Content/Blueprints/BAD/Spikes/BP_Spikes_V3.uasset" 567
"G:/Dokumenty/GitHub/KrakJam/Content/Levels/LevelAssets/Sprites/k4.uasset" 568
"G:/Dokumenty/GitHub/KrakJam/Content/Levels/LevelAssets/Sprites/k4_Sprite.uasset" 569
"G:/Dokumenty/GitHub/KrakJam/Content/Blueprints/BAD/Spikes/BP_Spikes_H2.uasset" 570
"G:/Dokumenty/GitHub/KrakJam/Content/Levels/LevelAssets/Sprites/k3.uasset" 571
"G:/Dokumenty/GitHub/KrakJam/Content/Levels/LevelAssets/Sprites/k3_Sprite.uasset" 572
"G:/Dokumenty/GitHub/KrakJam/Content/Blueprints/BAD/Spikes/BP_Spikes_H1.uasset" 573
"G:/Dokumenty/GitHub/KrakJam/Content/Blueprints/BAD/Spikes/BP_Sikes_H_Long.uasset" 574
"G:/Dokumenty/GitHub/KrakJam/Content/Levels/Maps/Poziom_1.umap" 575
"G:/Dokumenty/GitHub/KrakJam/Content/Levels/LevelAssets/Sprites/grzyp.uasset" 576
"G:/Dokumenty/GitHub/KrakJam/Content/Levels/LevelAssets/TileSets/grzyp_TileSet.uasset" 577
"G:/Dokumenty/GitHub/KrakJam/Content/Levels/LevelAssets/TileMaps/Poziom_B.uasset" 578
"G:/Dokumenty/GitHub/KrakJam/Content/Assets/Widgets/NPCs/WI_pan_piesel.uasset" 579
"G:/Dokumenty/GitHub/KrakJam/Content/Blueprints/Widgets/NPCs/Scene_3.uasset" 580
"G:/Dokumenty/GitHub/KrakJam/Content/Assets/symbol_pies.uasset" 581
"G:/Dokumenty/GitHub/KrakJam/Content/Assets/symbol_pies_Sprite.uasset" 582
"G:/Dokumenty/GitHub/KrakJam/Content/Blueprints/NPC/pies_gonczy.uasset" 583
"G:/Dokumenty/GitHub/KrakJam/Content/Blueprints/Widgets/lvl_complete/lvl_complete_2.uasset" 584
"G:/Dokumenty/GitHub/KrakJam/Content/Blueprints/Complete_lvl/CompleteLevel2.uasset" 585
"G:/Dokumenty/GitHub/KrakJam/Content/Levels/LevelAssets/Sprites/k5.uasset" 586
"G:/Dokumenty/GitHub/KrakJam/Content/Levels/LevelAssets/Sprites/k5_Sprite.uasset" 587
"G:/Dokumenty/GitHub/KrakJam/Content/Blueprints/BAD/Spikes/BP_Spikes_V2.uasset" 588
"G:/Dokumenty/GitHub/KrakJam/Content/Levels/Maps/Poziom_2.umap" 589
"G:/Dokumenty/GitHub/KrakJam/Content/Levels/LevelAssets/TileMaps/Poziom_C.uasset" 590
"G:/Dokumenty/GitHub/KrakJam/Content/Levels/LevelAssets/Sprites/grzyp_Sprite.uasset" 591
"G:/Dokumenty/GitHub/KrakJam/Content/Levels/LevelAssets/Sprites/grzyb2_Sprite.uasset" 592
"G:/Dokumenty/GitHub/KrakJam/Content/Assets/Widgets/NPCs/funguston.uasset" 593
"G:/Dokumenty/GitHub/KrakJam/Content/Blueprints/Widgets/NPCs/Scene_4.uasset" 594
"G:/Dokumenty/GitHub/KrakJam/Content/Assets/Widgets/NPCs/funguston_Sprite.uasset" 595
"G:/Dokumenty/GitHub/KrakJam/Content/Blueprints/NPC/PanGrzyb.uasset" 596
"G:/Dokumenty/GitHub/KrakJam/Content/Blueprints/Widgets/lvl_complete/lvl_complete_3.uasset" 597
"G:/Dokumenty/GitHub/KrakJam/Content/Blueprints/Complete_lvl/CompleteLevel3.uasset" 598
"G:/Dokumenty/GitHub/KrakJam/Content/Blueprints/BAD/Spikes/BP_Spikes_V1.uasset" 599
"G:/Dokumenty/GitHub/KrakJam/Content/Levels/Maps/Poziom_3.umap" 600
"G:/Dokumenty/GitHub/KrakJam/Content/Levels/LevelAssets/TileMaps/Poziom_D.uasset" 601
"G:/Dokumenty/GitHub/KrakJam/Content/Assets/Widgets/NPCs/WI_skorpion_brzydal.uasset" 602
"G:/Dokumenty/GitHub/KrakJam/Content/Blueprints/Widgets/NPCs/Scene_5.uasset" 603
"G:/Dokumenty/GitHub/KrakJam/Content/Assets/symbol_skorpion.uasset" 604
"G:/Dokumenty/GitHub/KrakJam/Content/Assets/symbol_skorpion_Sprite.uasset" 605
"G:/Dokumenty/GitHub/KrakJam/Content/Blueprints/NPC/skorpion.uasset" 606
"G:/Dokumenty/GitHub/KrakJam/Content/Blueprints/Widgets/lvl_complete/lvl_complete_4.uasset" 607
"G:/Dokumenty/GitHub/KrakJam/Content/Blueprints/Complete_lvl/CompleteLevel4.uasset" 608
"G:/Dokumenty/GitHub/KrakJam/Content/Levels/Maps/Poziom_4.umap" 609
"G:/Dokumenty/GitHub/KrakJam/Content/Levels/LevelAssets/TileMaps/Poziom_E.uasset" 610
"G:/Dokumenty/GitHub/KrakJam/Content/Assets/Widgets/NPCs/WI_mala_niedzwiedzica.uasset" 611
"G:/Dokumenty/GitHub/KrakJam/Content/Blueprints/Widgets/NPCs/Scene_6.uasset" 612
"G:/Dokumenty/GitHub/KrakJam/Content/Blueprints/NPC/ucieka.uasset" 613
"G:/Dokumenty/GitHub/KrakJam/Content/Blueprints/Widgets/lvl_complete/lvl_complete_5.uasset" 614
"G:/Dokumenty/GitHub/KrakJam/Content/Blueprints/Complete_lvl/CompleteLevel5.uasset" 615
"G:/Dokumenty/GitHub/KrakJam/Content/Levels/Maps/Poziom_5.umap" 616
"G:/Dokumenty/GitHub/KrakJam/Content/Levels/LevelAssets/TileMaps/Poziom_F.uasset" 617
"G:/Dokumenty/GitHub/KrakJam/Content/Assets/Widgets/NPCs/frogger_irokez.uasset" 618
"G:/Dokumenty/GitHub/KrakJam/Content/Blueprints/Widgets/NPCs/Scene_7.uasset" 619
"G:/Dokumenty/GitHub/KrakJam/Content/Assets/Widgets/NPCs/umi.uasset" 620
"G:/Dokumenty/GitHub/KrakJam/Content/Assets/Widgets/NPCs/umi_Sprite.uasset" 621
"G:/Dokumenty/GitHub/KrakJam/Content/Blueprints/NPC/umi.uasset" 622
"G:/Dokumenty/GitHub/KrakJam/Content/Assets/Widgets/Textures/theend.uasset" 623
"G:/Dokumenty/GitHub/KrakJam/Content/Blueprints/Widgets/lvl_complete/lvl_complete_6.uasset" 624
"G:/Dokumenty/GitHub/KrakJam/Content/Blueprints/Complete_lvl/CompleteLevel6.uasset" 625
"G:/Dokumenty/GitHub/KrakJam/Content/Levels/Maps/Poziom_6.umap" 626
"G:/Dokumenty/GitHub/KrakJam/Content/Assets/Widgets/Textures/niebo1.uasset" 627
"G:/Dokumenty/GitHub/KrakJam/Content/Assets/Widgets/NPCs/WI_niedzwiedzica.uasset" 628
"G:/Dokumenty/GitHub/KrakJam/Content/Blueprints/Widgets/NPCs/Scene_1.uasset" 629
"G:/Dokumenty/GitHub/KrakJam/Content/Levels/Maps/Prolog.umap" 630
"../../Plugins/2D/Paper2D/Content/MaskedUnlitSpriteMaterial.uasset" 631
"G:/Dokumenty/GitHub/KrakJam/Content/Levels/LevelAssets/Sprites/Tileset.uasset" 632
"G:/Dokumenty/GitHub/KrakJam/Content/Levels/LevelAssets/TileSets/Tileset_TileSet.uasset" 633
"G:/Dokumenty/GitHub/KrakJam/Content/Levels/LevelAssets/TileMaps/TestTS.uasset" 634
"G:/Dokumenty/GitHub/KrakJam/Content/Blueprints/NPC/NPC_Interaction_Master.uasset" 635
"G:/Dokumenty/GitHub/KrakJam/Content/Assets/Enemies/Sprites/Fungus_Red/Armature_animtion0_02.uasset" 636
"G:/Dokumenty/GitHub/KrakJam/Content/Assets/Enemies/Sprites/Fungus_Red/Armature_animtion0_02_Sprite.uasset" 637
"G:/Dokumenty/GitHub/KrakJam/Content/Assets/Enemies/Sprites/Fungus_Red/Armature_animtion0_03.uasset" 638
"G:/Dokumenty/GitHub/KrakJam/Content/Assets/Enemies/Sprites/Fungus_Red/Armature_animtion0_03_Sprite.uasset" 639
"G:/Dokumenty/GitHub/KrakJam/Content/Assets/Enemies/Sprites/Fungus_Red/Armature_animtion0_04.uasset" 640
"G:/Dokumenty/GitHub/KrakJam/Content/Assets/Enemies/Sprites/Fungus_Red/Armature_animtion0_04_Sprite.uasset" 641
"G:/Dokumenty/GitHub/KrakJam/Content/Assets/Enemies/Sprites/Fungus_Red/Armature_animtion0_05.uasset" 642
"G:/Dokumenty/GitHub/KrakJam/Content/Assets/Enemies/Sprites/Fungus_Red/Armature_animtion0_05_Sprite.uasset" 643
"G:/Dokumenty/GitHub/KrakJam/Content/Assets/Enemies/Sprites/Fungus_Red/Armature_animtion0_06.uasset" 644
"G:/Dokumenty/GitHub/KrakJam/Content/Assets/Enemies/Sprites/Fungus_Red/Armature_animtion0_06_Sprite.uasset" 645
"G:/Dokumenty/GitHub/KrakJam/Content/Assets/Enemies/Sprites/Fungus_Red/Armature_animtion0_07.uasset" 646
"G:/Dokumenty/GitHub/KrakJam/Content/Assets/Enemies/Sprites/Fungus_Red/Armature_animtion0_07_Sprite.uasset" 647
"G:/Dokumenty/GitHub/KrakJam/Content/Assets/Enemies/Sprites/Fungus_Red/Armature_animtion0_08.uasset" 648
"G:/Dokumenty/GitHub/KrakJam/Content/Assets/Enemies/Sprites/Fungus_Red/Armature_animtion0_08_Sprite.uasset" 649
"G:/Dokumenty/GitHub/KrakJam/Content/Assets/Enemies/Sprites/Fungus_Red/Armature_animtion0_09.uasset" 650
"G:/Dokumenty/GitHub/KrakJam/Content/Assets/Enemies/Sprites/Fungus_Red/Armature_animtion0_09_Sprite.uasset" 651
"G:/Dokumenty/GitHub/KrakJam/Content/Assets/Enemies/Sprites/Fungus_Red/Armature_animtion0_10.uasset" 652
"G:/Dokumenty/GitHub/KrakJam/Content/Assets/Enemies/Sprites/Fungus_Red/Armature_animtion0_10_Sprite.uasset" 653
"G:/Dokumenty/GitHub/KrakJam/Content/Assets/Enemies/Sprites/Fungus_Red/Armature_animtion0_11.uasset" 654
"G:/Dokumenty/GitHub/KrakJam/Content/Assets/Enemies/Sprites/Fungus_Red/Armature_animtion0_11_Sprite.uasset" 655
"G:/Dokumenty/GitHub/KrakJam/Content/Assets/Enemies/Sprites/Fungus_Red/Armature_animtion0_00.uasset" 656
"G:/Dokumenty/GitHub/KrakJam/Content/Assets/Enemies/Sprites/Fungus_Red/Armature_animtion0_00_Sprite.uasset" 657
"G:/Dokumenty/GitHub/KrakJam/Content/Assets/Enemies/Sprites/Fungus_Red/Armature_animtion0_01.uasset" 658
"G:/Dokumenty/GitHub/KrakJam/Content/Assets/Enemies/Sprites/Fungus_Red/Armature_animtion0_01_Sprite.uasset" 659
"G:/Dokumenty/GitHub/KrakJam/Content/Assets/Enemies/Flipbooks/Armature_animtion0.uasset" 660
"G:/Dokumenty/GitHub/KrakJam/Content/Blueprints/BAD/BP_BadFungus.uasset" 661
"../../../Engine/Content/Functions/Engine_MaterialFunctions01/Density/ExponentialDensity.uasset" 662
"../../../Engine/Content/Functions/Engine_MaterialFunctions01/Gradient/RadialGradientExponential.uasset" 663
"G:/Dokumenty/GitHub/KrakJam/Content/Assets/M_firefly.uasset" 664
"G:/Dokumenty/GitHub/KrakJam/Content/Assets/Particles/P_fireflies.uasset" 665
"G:/Dokumenty/GitHub/KrakJam/Content/Levels/Maps/Test01.umap" 666
"../../../Engine/Content/Maps/Entry_BuiltData.uasset" 667
"../../../Engine/Content/Maps/Entry.umap" 668
